<?xml version="1.0" encoding="UTF-8"?>
<testng-results ignored="0" total="5" passed="5" failed="0" skipped="0">
  <reporter-output>
  </reporter-output>
  <suite started-at="2023-09-11T20:01:15Z" name="Default suite" finished-at="2023-09-11T20:01:56Z" duration-ms="41322">
    <groups>
    </groups>
    <test started-at="2023-09-11T20:01:15Z" name="Default test" finished-at="2023-09-11T20:01:56Z" duration-ms="41322">
      <class name="parametrizationDProvider.ParametrizationClass">
        <test-method is-config="true" signature="OpningUrl()[pri:0, instance:parametrizationDProvider.ParametrizationClass@d737b89]" started-at="2023-09-11T20:01:15Z" name="OpningUrl" finished-at="2023-09-11T20:01:19Z" duration-ms="4178" status="PASS">
          <reporter-output>
          </reporter-output>
        </test-method> <!-- OpningUrl -->
        <test-method signature="setData(java.lang.String, java.lang.String)[pri:0, instance:parametrizationDProvider.ParametrizationClass@d737b89]" started-at="2023-09-11T20:01:19Z" name="setData" data-provider="getData" finished-at="2023-09-11T20:01:27Z" duration-ms="7513" status="PASS">
          <params>
            <param index="0">
              <value>
                <![CDATA[adilanwar@gmail.com]]>
              </value>
            </param>
            <param index="1">
              <value>
                <![CDATA[adil1234]]>
              </value>
            </param>
          </params>
          <reporter-output>
          </reporter-output>
        </test-method> <!-- setData -->
        <test-method signature="setData(java.lang.String, java.lang.String)[pri:0, instance:parametrizationDProvider.ParametrizationClass@d737b89]" started-at="2023-09-11T20:01:27Z" name="setData" data-provider="getData" finished-at="2023-09-11T20:01:34Z" duration-ms="7392" status="PASS">
          <params>
            <param index="0">
              <value>
                <![CDATA[amiranwar@gmail.com]]>
              </value>
            </param>
            <param index="1">
              <value>
                <![CDATA[amir4567]]>
              </value>
            </param>
          </params>
          <reporter-output>
          </reporter-output>
        </test-method> <!-- setData -->
        <test-method signature="setData(java.lang.String, java.lang.String)[pri:0, instance:parametrizationDProvider.ParametrizationClass@d737b89]" started-at="2023-09-11T20:01:34Z" name="setData" data-provider="getData" finished-at="2023-09-11T20:01:41Z" duration-ms="7384" status="PASS">
          <params>
            <param index="0">
              <value>
                <![CDATA[asadansari@gmail.com]]>
              </value>
            </param>
            <param index="1">
              <value>
                <![CDATA[asad8754]]>
              </value>
            </param>
          </params>
          <reporter-output>
          </reporter-output>
        </test-method> <!-- setData -->
        <test-method signature="setData(java.lang.String, java.lang.String)[pri:0, instance:parametrizationDProvider.ParametrizationClass@d737b89]" started-at="2023-09-11T20:01:41Z" name="setData" data-provider="getData" finished-at="2023-09-11T20:01:49Z" duration-ms="7365" status="PASS">
          <params>
            <param index="0">
              <value>
                <![CDATA[chandasd@gmail.com]]>
              </value>
            </param>
            <param index="1">
              <value>
                <![CDATA[chand7845]]>
              </value>
            </param>
          </params>
          <reporter-output>
          </reporter-output>
        </test-method> <!-- setData -->
        <test-method signature="setData(java.lang.String, java.lang.String)[pri:0, instance:parametrizationDProvider.ParametrizationClass@d737b89]" started-at="2023-09-11T20:01:49Z" name="setData" data-provider="getData" finished-at="2023-09-11T20:01:56Z" duration-ms="7397" status="PASS">
          <params>
            <param index="0">
              <value>
                <![CDATA[altaf@gmail.com]]>
              </value>
            </param>
            <param index="1">
              <value>
                <![CDATA[altaf5487]]>
              </value>
            </param>
          </params>
          <reporter-output>
          </reporter-output>
        </test-method> <!-- setData -->
      </class> <!-- parametrizationDProvider.ParametrizationClass -->
    </test> <!-- Default test -->
  </suite> <!-- Default suite -->
</testng-results>
