<?xml version="1.0" encoding="UTF-8"?>
<!-- Generated by org.testng.reporters.JUnitXMLReporter -->
<testsuite ignored="0" hostname="DESKTOP-J45LGAV" failures="0" tests="5" name="Default test" time="41.322" errors="0" timestamp="11 Sept 2023 20:01:56 GMT">
  <testcase classname="parametrizationDProvider.ParametrizationClass" name="setData" time="7.513"/>
  <testcase classname="parametrizationDProvider.ParametrizationClass" name="setData" time="7.392"/>
  <testcase classname="parametrizationDProvider.ParametrizationClass" name="setData" time="7.384"/>
  <testcase classname="parametrizationDProvider.ParametrizationClass" name="setData" time="7.365"/>
  <testcase classname="parametrizationDProvider.ParametrizationClass" name="setData" time="7.397"/>
</testsuite> <!-- Default test -->
