<?xml version="1.0" encoding="UTF-8"?>
<!-- Generated by org.testng.reporters.JUnitReportReporter -->
<testsuite hostname="DESKTOP-J45LGAV" failures="0" tests="5" name="parametrizationDProvider.ParametrizationClass" time="37.051" errors="0" timestamp="11 Sept 2023 20:01:56 GMT" skipped="0">
  <testcase classname="parametrizationDProvider.ParametrizationClass" name="setData" time="7.513"/>
  <testcase classname="parametrizationDProvider.ParametrizationClass" name="setData" time="7.365"/>
  <testcase classname="parametrizationDProvider.ParametrizationClass" name="setData" time="7.392"/>
  <testcase classname="parametrizationDProvider.ParametrizationClass" name="setData" time="7.384"/>
  <testcase classname="parametrizationDProvider.ParametrizationClass" name="setData" time="7.397"/>
</testsuite> <!-- parametrizationDProvider.ParametrizationClass -->
